<?xml version="1.0" encoding="UTF-8"?>
<!-- Generated by org.testng.reporters.JUnitReportReporter -->
<testsuite hostname="SRINIVAS-G2005" failures="0" tests="2" name="demoQA.HandlingUploadFile" time="0.192" errors="0" timestamp="2025-03-26T21:34:14 IST" skipped="0">
  <testcase classname="demoQA.HandlingUploadFile" name="uploadFileApproachOne" time="0.123"/>
  <testcase classname="demoQA.HandlingUploadFile" name="uploadFileApproachTwo" time="0.069"/>
</testsuite> <!-- demoQA.HandlingUploadFile -->
