<?xml version="1.0" encoding="UTF-8"?>
<!-- Generated by org.testng.reporters.JUnitReportReporter -->
<testsuite hostname="SRINIVAS-G2005" failures="0" tests="1" name="automateNow.HandlingUploadFile" time="0.348" errors="0" timestamp="2025-04-06T18:14:21 IST" skipped="0">
  <testcase classname="automateNow.HandlingUploadFile" name="uploadFile" time="0.348"/>
</testsuite> <!-- automateNow.HandlingUploadFile -->
