<?xml version="1.0" encoding="UTF-8"?>
<!-- Generated by org.testng.reporters.JUnitReportReporter -->
<testsuite hostname="SRINIVAS-G2005" failures="0" tests="1" name="demoQA.HandlingUploadFile" time="0.050" errors="0" timestamp="2025-03-26T21:04:49 IST" skipped="0">
  <testcase classname="demoQA.HandlingUploadFile" name="uploadSingleFile" time="0.050"/>
</testsuite> <!-- demoQA.HandlingUploadFile -->
