<?xml version="1.0" encoding="UTF-8"?>
<!-- Generated by org.testng.reporters.JUnitReportReporter -->
<testsuite hostname="SRINIVAS-G2005" failures="0" tests="2" name="tutorialPonit.HandlingUploadFile" time="0.106" errors="0" timestamp="2025-07-12T20:56:26 IST" skipped="0">
  <testcase classname="tutorialPonit.HandlingUploadFile" name="uploadFileApproachOne" time="0.104"/>
  <testcase classname="tutorialPonit.HandlingUploadFile" name="uploadFileApproachTwo" time="0.002"/>
</testsuite> <!-- tutorialPonit.HandlingUploadFile -->
