<?xml version="1.0" encoding="UTF-8"?>
<!-- Generated by org.testng.reporters.JUnitReportReporter -->
<testsuite hostname="SRINIVAS-G2005" failures="0" tests="2" name="automationBlogSpot.HandlingUploadFiles" time="0.688" errors="0" timestamp="2025-03-26T21:55:18 IST" skipped="0">
  <testcase classname="automationBlogSpot.HandlingUploadFiles" name="uploadSingleFile" time="0.318"/>
  <testcase classname="automationBlogSpot.HandlingUploadFiles" name="uploadMultipleFiles" time="0.370"/>
</testsuite> <!-- automationBlogSpot.HandlingUploadFiles -->
