<?xml version="1.0" encoding="UTF-8"?>
<!-- Generated by org.testng.reporters.JUnitReportReporter -->
<testsuite hostname="SRINIVAS-G2005" failures="0" tests="1" name="tutorialPonit.HandlingUploadFile" time="0.107" errors="0" timestamp="2025-07-12T21:00:07 IST" skipped="0">
  <testcase classname="tutorialPonit.HandlingUploadFile" name="uploadFileApproachTwo" time="0.107"/>
</testsuite> <!-- tutorialPonit.HandlingUploadFile -->
